<?xml version="1.0" encoding="UTF-8"?>
<robot generator="Robot 3.2.2 (Python 3.9.1 on win32)" generated="20210308 19:29:19.341" rpa="false">
<suite id="s1" name="Login" source="D:\RobotFramework\TestCases\login.robot">
<test id="s1-t1" name="LoginTest">
<kw name="Open Browser" library="SeleniumLibrary">
<doc>Opens a new browser instance to the optional ``url``.</doc>
<arguments>
<arg>https://eteappcore.fileafter.com/</arg>
<arg>chrome</arg>
</arguments>
<msg timestamp="20210308 19:29:19.508" level="INFO">Opening browser 'chrome' to base url 'https://eteappcore.fileafter.com/'.</msg>
<status status="PASS" starttime="20210308 19:29:19.508" endtime="20210308 19:29:24.293"></status>
</kw>
<status status="PASS" starttime="20210308 19:29:19.507" endtime="20210308 19:29:24.294" critical="yes"></status>
</test>
<status status="PASS" starttime="20210308 19:29:19.342" endtime="20210308 19:29:24.295"></status>
</suite>
<statistics>
<total>
<stat pass="1" fail="0">Critical Tests</stat>
<stat pass="1" fail="0">All Tests</stat>
</total>
<tag>
</tag>
<suite>
<stat pass="1" fail="0" id="s1" name="Login">Login</stat>
</suite>
</statistics>
<errors>
</errors>
</robot>
